<?xml version="1.0" encoding="UTF-8"?>
<!-- Generated by org.testng.reporters.JUnitReportReporter -->
<testsuite skipped="0" hostname="knoldus-Vostro-3583" name="com.knoldus.snap3.Snap3_1LoginCheckWithValidCredentials" tests="1" failures="0" timestamp="19 Dec 2019 07:44:54 GMT" time="15.136" errors="0">
  <testcase name="checkLogin" time="15.136" classname="com.knoldus.snap3.Snap3_1LoginCheckWithValidCredentials"/>
</testsuite> <!-- com.knoldus.snap3.Snap3_1LoginCheckWithValidCredentials -->
