<?xml version="1.0" encoding="UTF-8"?>
<!-- Generated by org.testng.reporters.JUnitReportReporter -->
<testsuite skipped="0" hostname="knoldus-Vostro-3583" name="com.knoldus.snap3.AppTest" tests="1" failures="0" timestamp="17 Dec 2019 11:01:55 GMT" time="0.008" errors="0">
  <testcase name="testApp" time="0.008" classname="com.knoldus.snap3.AppTest"/>
</testsuite> <!-- com.knoldus.snap3.AppTest -->
