<?xml version="1.0" encoding="UTF-8"?>
<!-- Generated by org.testng.reporters.JUnitReportReporter -->
<testsuite skipped="0" hostname="knoldus-Vostro-3583" name="com.knoldus.snap3.Julimr_EnterValues" tests="1" failures="0" timestamp="31 Dec 2019 05:30:26 GMT" time="8.182" errors="0">
  <testcase name="checkLogin" time="8.182" classname="com.knoldus.snap3.Julimr_EnterValues"/>
</testsuite> <!-- com.knoldus.snap3.Julimr_EnterValues -->
